22:39:17: Error: Directory '/.cache' couldn't be created (error 13: Permission denied)
22:39:17: Error: Directory '/.local' couldn't be created (error 13: Permission denied)
22:39:17: Error: Directory '/.local' couldn't be created (error 13: Permission denied)
22:39:17: Error: Directory '/.local' couldn't be created (error 13: Permission denied)
22:39:17: Error: Directory '/.local' couldn't be created (error 13: Permission denied)
22:39:17: Error: Directory '/.local' couldn't be created (error 13: Permission denied)
22:39:17: Error: Directory '/.local' couldn't be created (error 13: Permission denied)
22:39:17: Error: Directory '/.local' couldn't be created (error 13: Permission denied)
22:39:17: Error: Directory '/.local' couldn't be created (error 13: Permission denied)
22:39:17: Error: Directory '/.config' couldn't be created (error 13: Permission denied)
22:39:17: Error: Directory '/.config/kicad/9.0' couldn't be created (error 2: No such file or directory)
22:39:17: Error: Directory '/.config/kicad/9.0/colors' couldn't be created (error 2: No such file or directory)
22:39:17: Error: An error occurred attempting to load the global design block library table.
Please edit this global design block library table in Preferences menu. No such file or directory
22:39:17: Error: Directory '/.config' couldn't be created (error 13: Permission denied)
22:39:17: Error: Directory '/.config/kicad/9.0' couldn't be created (error 2: No such file or directory)
Fontconfig error: No writable cache directories
Fontconfig error: No writable cache directories
Fontconfig error: No writable cache directories
Fontconfig error: No writable cache directories
22:39:18: Error: Directory '/.config' couldn't be created (error 13: Permission denied)
22:39:18: Error: An error occurred attempting to load the global footprint library table. Cannot create global library table path '/.config/kicad/9.0'.
Found 18 violations
Saved ERC Report to reports/erc.rpt
22:39:18: Error: Directory '/.config/kicad/9.0' couldn't be created (error 2: No such file or directory)
22:39:18: Error: Directory '/.config/kicad/9.0' couldn't be created (error 2: No such file or directory)
22:39:18: Error: Directory '/.config/kicad/9.0' couldn't be created (error 2: No such file or directory)
22:39:18: Error: Directory '/.config/kicad/9.0' couldn't be created (error 2: No such file or directory)
22:39:18: Error: Directory '/.config/kicad/9.0' couldn't be created (error 2: No such file or directory)
exit_code=5
