ERC report (2026-07-14T22:39:18+0000, Encoding UTF8)
Report includes: Errors, Warnings, Exclusions

***** Sheet /
[power_pin_not_driven]: Input Power pin not driven by any Output Power pins
    ; error
    @(172.72 mm, 90.17 mm): Symbol U1 Pin 3 [VIN, Power input, Line]
[power_pin_not_driven]: Input Power pin not driven by any Output Power pins
    ; error
    @(180.34 mm, 96.52 mm): Symbol U1 Pin 2 [GND, Power input, Line]
[lib_symbol_issues]: The current configuration does not include the symbol library 'psu_led_all'
    ; warning
    @(35.56 mm, 100.33 mm): Symbol J1 [Connector_2]
[lib_symbol_issues]: The current configuration does not include the symbol library 'psu_led_all'
    ; warning
    @(74.93 mm, 100.33 mm): Symbol T1 [Talema_70000K_1p6VA]
[lib_symbol_issues]: The current configuration does not include the symbol library 'psu_led_all'
    ; warning
    @(115.57 mm, 90.17 mm): Symbol D1 [Diode]
[lib_symbol_issues]: The current configuration does not include the symbol library 'psu_led_all'
    ; warning
    @(134.62 mm, 80.01 mm): Symbol TP1 [TestPoint]
[lib_symbol_issues]: The current configuration does not include the symbol library 'psu_led_all'
    ; warning
    @(115.57 mm, 110.49 mm): Symbol D2 [Diode]
[lib_symbol_issues]: The current configuration does not include the symbol library 'psu_led_all'
    ; warning
    @(134.62 mm, 100.33 mm): Symbol C1 [Cap_Polarized]
[lib_symbol_issues]: The current configuration does not include the symbol library 'psu_led_all'
    ; warning
    @(144.78 mm, 100.33 mm): Symbol C1B [Cap_Polarized]
[lib_symbol_issues]: The current configuration does not include the symbol library 'psu_led_all'
    ; warning
    @(160.02 mm, 100.33 mm): Symbol C2 [Cap]
[lib_symbol_issues]: The current configuration does not include the symbol library 'psu_led_all'
    ; warning
    @(180.34 mm, 90.17 mm): Symbol U1 [Regulator_3]
[lib_symbol_issues]: The current configuration does not include the symbol library 'psu_led_all'
    ; warning
    @(175.26 mm, 119.38 mm): Symbol TP3 [TestPoint]
[lib_symbol_issues]: The current configuration does not include the symbol library 'psu_led_all'
    ; warning
    @(199.39 mm, 80.01 mm): Symbol TP2 [TestPoint]
[lib_symbol_issues]: The current configuration does not include the symbol library 'psu_led_all'
    ; warning
    @(199.39 mm, 100.33 mm): Symbol C3 [Cap]
[lib_symbol_issues]: The current configuration does not include the symbol library 'psu_led_all'
    ; warning
    @(214.63 mm, 90.17 mm): Symbol R1 [Resistor]
[lib_symbol_issues]: The current configuration does not include the symbol library 'psu_led_all'
    ; warning
    @(234.95 mm, 90.17 mm): Symbol RV1 [Potentiometer]
[lib_symbol_issues]: The current configuration does not include the symbol library 'psu_led_all'
    ; warning
    @(250.19 mm, 80.01 mm): Symbol TP4 [TestPoint]
[lib_symbol_issues]: The current configuration does not include the symbol library 'psu_led_all'
    ; warning
    @(260.35 mm, 100.33 mm): Symbol J2 [Connector_2]

 ** ERC messages: 18  Errors 2  Warnings 16
